<?xml version="1.0" encoding="UTF-8"?>
<testsuite xmlns:xsi="http://www.w3.org/2001/XMLSchema-instance" xsi:noNamespaceSchemaLocation="https://maven.apache.org/surefire/maven-surefire-plugin/xsd/surefire-test-report-3.0.xsd" version="3.0" name="com.cloud_service.lab4.AppTest" time="1.289" tests="3" errors="0" skipped="0" failures="0">
  <properties>
    <property name="sun.desktop" value="gnome"/>
    <property name="awt.toolkit" value="sun.awt.X11.XToolkit"/>
    <property name="file.encoding.pkg" value="sun.io"/>
    <property name="java.specification.version" value="1.8"/>
    <property name="sun.cpu.isalist" value=""/>
    <property name="sun.jnu.encoding" value="UTF-8"/>
    <property name="java.class.path" value="/media/snzisad/Sharif Noor Zisad/Masters/Semester 3/Cloud Services/Lab 4/project/maven_projects/lab_project/target/test-classes:/media/snzisad/Sharif Noor Zisad/Masters/Semester 3/Cloud Services/Lab 4/project/maven_projects/lab_project/target/classes:/home/snzisad/.m2/repository/org/glassfish/jersey/containers/jersey-container-grizzly2-http/3.0.2/jersey-container-grizzly2-http-3.0.2.jar:/home/snzisad/.m2/repository/jakarta/inject/jakarta.inject-api/2.0.0/jakarta.inject-api-2.0.0.jar:/home/snzisad/.m2/repository/org/glassfish/grizzly/grizzly-http-server/3.0.0/grizzly-http-server-3.0.0.jar:/home/snzisad/.m2/repository/org/glassfish/grizzly/grizzly-http/3.0.0/grizzly-http-3.0.0.jar:/home/snzisad/.m2/repository/org/glassfish/grizzly/grizzly-framework/3.0.0/grizzly-framework-3.0.0.jar:/home/snzisad/.m2/repository/org/glassfish/jersey/core/jersey-common/3.0.2/jersey-common-3.0.2.jar:/home/snzisad/.m2/repository/org/glassfish/hk2/osgi-resource-locator/1.0.3/osgi-resource-locator-1.0.3.jar:/home/snzisad/.m2/repository/org/glassfish/jersey/core/jersey-server/3.0.2/jersey-server-3.0.2.jar:/home/snzisad/.m2/repository/org/glassfish/jersey/core/jersey-client/3.0.2/jersey-client-3.0.2.jar:/home/snzisad/.m2/repository/jakarta/validation/jakarta.validation-api/3.0.0/jakarta.validation-api-3.0.0.jar:/home/snzisad/.m2/repository/jakarta/ws/rs/jakarta.ws.rs-api/3.0.0/jakarta.ws.rs-api-3.0.0.jar:/home/snzisad/.m2/repository/org/glassfish/jersey/inject/jersey-hk2/3.0.2/jersey-hk2-3.0.2.jar:/home/snzisad/.m2/repository/org/glassfish/hk2/hk2-locator/3.0.1/hk2-locator-3.0.1.jar:/home/snzisad/.m2/repository/org/glassfish/hk2/external/aopalliance-repackaged/3.0.1/aopalliance-repackaged-3.0.1.jar:/home/snzisad/.m2/repository/org/javassist/javassist/3.25.0-GA/javassist-3.25.0-GA.jar:/home/snzisad/.m2/repository/org/glassfish/hk2/hk2-metadata-generator/3.0.2/hk2-metadata-generator-3.0.2.jar:/home/snzisad/.m2/repository/org/glassfish/hk2/hk2-api/3.0.2/hk2-api-3.0.2.jar:/home/snzisad/.m2/repository/org/glassfish/hk2/hk2-utils/3.0.2/hk2-utils-3.0.2.jar:/home/snzisad/.m2/repository/jakarta/annotation/jakarta.annotation-api/2.0.0/jakarta.annotation-api-2.0.0.jar:/home/snzisad/.m2/repository/jakarta/activation/jakarta.activation-api/2.0.1/jakarta.activation-api-2.0.1.jar:/home/snzisad/.m2/repository/org/junit/jupiter/junit-jupiter-params/5.4.0/junit-jupiter-params-5.4.0.jar:/home/snzisad/.m2/repository/org/apiguardian/apiguardian-api/1.0.0/apiguardian-api-1.0.0.jar:/home/snzisad/.m2/repository/org/junit/jupiter/junit-jupiter-api/5.4.0/junit-jupiter-api-5.4.0.jar:/home/snzisad/.m2/repository/org/opentest4j/opentest4j/1.1.1/opentest4j-1.1.1.jar:/home/snzisad/.m2/repository/org/junit/platform/junit-platform-commons/1.4.0/junit-platform-commons-1.4.0.jar:"/>
    <property name="java.vm.vendor" value="Private Build"/>
    <property name="sun.arch.data.model" value="64"/>
    <property name="java.vendor.url" value="http://java.oracle.com/"/>
    <property name="user.timezone" value="Europe/Paris"/>
    <property name="java.vm.specification.version" value="1.8"/>
    <property name="os.name" value="Linux"/>
    <property name="user.country" value="US"/>
    <property name="sun.java.launcher" value="SUN_STANDARD"/>
    <property name="sun.boot.library.path" value="/usr/lib/jvm/java-8-openjdk-amd64/jre/lib/amd64"/>
    <property name="sun.java.command" value="/media/snzisad/Sharif Noor Zisad/Masters/Semester 3/Cloud Services/Lab 4/project/maven_projects/lab_project/target/surefire/surefirebooter6404968665686836220.jar /media/snzisad/Sharif Noor Zisad/Masters/Semester 3/Cloud Services/Lab 4/project/maven_projects/lab_project/target/surefire 2022-12-27T04-07-00_961-jvmRun1 surefire3350325442042370814tmp surefire_03504585440914739670tmp"/>
    <property name="surefire.test.class.path" value="/media/snzisad/Sharif Noor Zisad/Masters/Semester 3/Cloud Services/Lab 4/project/maven_projects/lab_project/target/test-classes:/media/snzisad/Sharif Noor Zisad/Masters/Semester 3/Cloud Services/Lab 4/project/maven_projects/lab_project/target/classes:/home/snzisad/.m2/repository/org/glassfish/jersey/containers/jersey-container-grizzly2-http/3.0.2/jersey-container-grizzly2-http-3.0.2.jar:/home/snzisad/.m2/repository/jakarta/inject/jakarta.inject-api/2.0.0/jakarta.inject-api-2.0.0.jar:/home/snzisad/.m2/repository/org/glassfish/grizzly/grizzly-http-server/3.0.0/grizzly-http-server-3.0.0.jar:/home/snzisad/.m2/repository/org/glassfish/grizzly/grizzly-http/3.0.0/grizzly-http-3.0.0.jar:/home/snzisad/.m2/repository/org/glassfish/grizzly/grizzly-framework/3.0.0/grizzly-framework-3.0.0.jar:/home/snzisad/.m2/repository/org/glassfish/jersey/core/jersey-common/3.0.2/jersey-common-3.0.2.jar:/home/snzisad/.m2/repository/org/glassfish/hk2/osgi-resource-locator/1.0.3/osgi-resource-locator-1.0.3.jar:/home/snzisad/.m2/repository/org/glassfish/jersey/core/jersey-server/3.0.2/jersey-server-3.0.2.jar:/home/snzisad/.m2/repository/org/glassfish/jersey/core/jersey-client/3.0.2/jersey-client-3.0.2.jar:/home/snzisad/.m2/repository/jakarta/validation/jakarta.validation-api/3.0.0/jakarta.validation-api-3.0.0.jar:/home/snzisad/.m2/repository/jakarta/ws/rs/jakarta.ws.rs-api/3.0.0/jakarta.ws.rs-api-3.0.0.jar:/home/snzisad/.m2/repository/org/glassfish/jersey/inject/jersey-hk2/3.0.2/jersey-hk2-3.0.2.jar:/home/snzisad/.m2/repository/org/glassfish/hk2/hk2-locator/3.0.1/hk2-locator-3.0.1.jar:/home/snzisad/.m2/repository/org/glassfish/hk2/external/aopalliance-repackaged/3.0.1/aopalliance-repackaged-3.0.1.jar:/home/snzisad/.m2/repository/org/javassist/javassist/3.25.0-GA/javassist-3.25.0-GA.jar:/home/snzisad/.m2/repository/org/glassfish/hk2/hk2-metadata-generator/3.0.2/hk2-metadata-generator-3.0.2.jar:/home/snzisad/.m2/repository/org/glassfish/hk2/hk2-api/3.0.2/hk2-api-3.0.2.jar:/home/snzisad/.m2/repository/org/glassfish/hk2/hk2-utils/3.0.2/hk2-utils-3.0.2.jar:/home/snzisad/.m2/repository/jakarta/annotation/jakarta.annotation-api/2.0.0/jakarta.annotation-api-2.0.0.jar:/home/snzisad/.m2/repository/jakarta/activation/jakarta.activation-api/2.0.1/jakarta.activation-api-2.0.1.jar:/home/snzisad/.m2/repository/org/junit/jupiter/junit-jupiter-params/5.4.0/junit-jupiter-params-5.4.0.jar:/home/snzisad/.m2/repository/org/apiguardian/apiguardian-api/1.0.0/apiguardian-api-1.0.0.jar:/home/snzisad/.m2/repository/org/junit/jupiter/junit-jupiter-api/5.4.0/junit-jupiter-api-5.4.0.jar:/home/snzisad/.m2/repository/org/opentest4j/opentest4j/1.1.1/opentest4j-1.1.1.jar:/home/snzisad/.m2/repository/org/junit/platform/junit-platform-commons/1.4.0/junit-platform-commons-1.4.0.jar:"/>
    <property name="sun.cpu.endian" value="little"/>
    <property name="user.home" value="/home/snzisad"/>
    <property name="user.language" value="en"/>
    <property name="java.specification.vendor" value="Oracle Corporation"/>
    <property name="java.home" value="/usr/lib/jvm/java-8-openjdk-amd64/jre"/>
    <property name="basedir" value="/media/snzisad/Sharif Noor Zisad/Masters/Semester 3/Cloud Services/Lab 4/project/maven_projects/lab_project"/>
    <property name="file.separator" value="/"/>
    <property name="line.separator" value="&#10;"/>
    <property name="java.vm.specification.vendor" value="Oracle Corporation"/>
    <property name="java.specification.name" value="Java Platform API Specification"/>
    <property name="java.awt.graphicsenv" value="sun.awt.X11GraphicsEnvironment"/>
    <property name="surefire.real.class.path" value="/media/snzisad/Sharif Noor Zisad/Masters/Semester 3/Cloud Services/Lab 4/project/maven_projects/lab_project/target/surefire/surefirebooter6404968665686836220.jar"/>
    <property name="sun.boot.class.path" value="/usr/lib/jvm/java-8-openjdk-amd64/jre/lib/resources.jar:/usr/lib/jvm/java-8-openjdk-amd64/jre/lib/rt.jar:/usr/lib/jvm/java-8-openjdk-amd64/jre/lib/sunrsasign.jar:/usr/lib/jvm/java-8-openjdk-amd64/jre/lib/jsse.jar:/usr/lib/jvm/java-8-openjdk-amd64/jre/lib/jce.jar:/usr/lib/jvm/java-8-openjdk-amd64/jre/lib/charsets.jar:/usr/lib/jvm/java-8-openjdk-amd64/jre/lib/jfr.jar:/usr/lib/jvm/java-8-openjdk-amd64/jre/classes"/>
    <property name="sun.management.compiler" value="HotSpot 64-Bit Tiered Compilers"/>
    <property name="java.runtime.version" value="1.8.0_352-8u352-ga-1~20.04-b08"/>
    <property name="user.name" value="snzisad"/>
    <property name="path.separator" value=":"/>
    <property name="os.version" value="5.15.0-53-generic"/>
    <property name="java.endorsed.dirs" value="/usr/lib/jvm/java-8-openjdk-amd64/jre/lib/endorsed"/>
    <property name="java.runtime.name" value="OpenJDK Runtime Environment"/>
    <property name="file.encoding" value="UTF-8"/>
    <property name="java.vm.name" value="OpenJDK 64-Bit Server VM"/>
    <property name="localRepository" value="/home/snzisad/.m2/repository"/>
    <property name="java.vendor.url.bug" value="http://bugreport.sun.com/bugreport/"/>
    <property name="java.io.tmpdir" value="/tmp"/>
    <property name="java.version" value="1.8.0_352"/>
    <property name="user.dir" value="/media/snzisad/Sharif Noor Zisad/Masters/Semester 3/Cloud Services/Lab 4/project/maven_projects/lab_project"/>
    <property name="os.arch" value="amd64"/>
    <property name="java.vm.specification.name" value="Java Virtual Machine Specification"/>
    <property name="java.awt.printerjob" value="sun.print.PSPrinterJob"/>
    <property name="sun.os.patch.level" value="unknown"/>
    <property name="java.library.path" value="/usr/java/packages/lib/amd64:/usr/lib/x86_64-linux-gnu/jni:/lib/x86_64-linux-gnu:/usr/lib/x86_64-linux-gnu:/usr/lib/jni:/lib:/usr/lib"/>
    <property name="java.vm.info" value="mixed mode"/>
    <property name="java.vendor" value="Private Build"/>
    <property name="java.vm.version" value="25.352-b08"/>
    <property name="java.specification.maintenance.version" value="4"/>
    <property name="java.ext.dirs" value="/usr/lib/jvm/java-8-openjdk-amd64/jre/lib/ext:/usr/java/packages/lib/ext"/>
    <property name="sun.io.unicode.encoding" value="UnicodeLittle"/>
    <property name="java.class.version" value="52.0"/>
  </properties>
  <testcase name="testHello" classname="com.cloud_service.lab4.AppTest" time="0.281">
    <system-err><![CDATA[Dec 27, 2022 4:07:01 AM com.cloud_service.lab4.App startServer
INFO: Starting Server........
Dec 27, 2022 4:07:02 AM org.glassfish.jersey.server.wadl.WadlFeature configure
WARNING: JAX-B API not found . WADL feature is disabled.
Dec 27, 2022 4:07:02 AM org.glassfish.grizzly.http.server.NetworkListener start
INFO: Started listener bound to [localhost:8080]
Dec 27, 2022 4:07:02 AM org.glassfish.grizzly.http.server.HttpServer start
INFO: [HttpServer] Started.
]]></system-err>
  </testcase>
  <testcase name="testHelloHK2" classname="com.cloud_service.lab4.AppTest" time="0.006"/>
  <testcase name="testHelloName" classname="com.cloud_service.lab4.AppTest" time="0.007"/>
</testsuite>